# JRE version: OpenJDK Runtime Environment (7.0_79-b14) (build 1.7.0_79-b14)
# Java VM: OpenJDK 64-Bit Server VM (24.79-b02 mixed mode linux-amd64 compressed oops)
Heap
 PSYoungGen      total 37376K, used 5536K [0x00000007d6e00000, 0x00000007db700000, 0x0000000800000000)
  eden space 32256K, 1% used [0x00000007d6e00000,0x00000007d6e9f188,0x00000007d8d80000)
  from space 5120K, 95% used [0x00000007d9280000,0x00000007d9749098,0x00000007d9780000)
  to   space 5120K, 0% used [0x00000007d8d80000,0x00000007d8d80000,0x00000007d9280000)
 ParOldGen       total 83968K, used 16K [0x0000000784a00000, 0x0000000789c00000, 0x00000007d6e00000)
  object space 83968K, 0% used [0x0000000784a00000,0x0000000784a04000,0x0000000789c00000)
 PSPermGen       total 21504K, used 11437K [0x000000077a400000, 0x000000077b900000, 0x0000000784a00000)
  object space 21504K, 53% used [0x000000077a400000,0x000000077af2b6d8,0x000000077b900000)
GC Heap History (4 events):
Event: 0.657 GC heap before
{Heap before GC invocations=1 (full 0):
 PSYoungGen      total 37376K, used 32256K [0x00000007d6e00000, 0x00000007d9780000, 0x0000000800000000)
  eden space 32256K, 100% used [0x00000007d6e00000,0x00000007d8d80000,0x00000007d8d80000)
  from space 5120K, 0% used [0x00000007d9280000,0x00000007d9280000,0x00000007d9780000)
  to   space 5120K, 0% used [0x00000007d8d80000,0x00000007d8d80000,0x00000007d9280000)
 ParOldGen       total 83968K, used 0K [0x0000000784a00000, 0x0000000789c00000, 0x00000007d6e00000)
  object space 83968K, 0% used [0x0000000784a00000,0x0000000784a00000,0x0000000789c00000)
 PSPermGen       total 21504K, used 8159K [0x000000077a400000, 0x000000077b900000, 0x0000000784a00000)
  object space 21504K, 37% used [0x000000077a400000,0x000000077abf7f30,0x000000077b900000)
Event: 0.662 GC heap after
Heap after GC invocations=1 (full 0):
 PSYoungGen      total 37376K, used 4500K [0x00000007d6e00000, 0x00000007d9780000, 0x0000000800000000)
  eden space 32256K, 0% used [0x00000007d6e00000,0x00000007d6e00000,0x00000007d8d80000)
  from space 5120K, 87% used [0x00000007d8d80000,0x00000007d91e5170,0x00000007d9280000)
  to   space 5120K, 0% used [0x00000007d9280000,0x00000007d9280000,0x00000007d9780000)
 ParOldGen       total 83968K, used 8K [0x0000000784a00000, 0x0000000789c00000, 0x00000007d6e00000)
  object space 83968K, 0% used [0x0000000784a00000,0x0000000784a02000,0x0000000789c00000)
 PSPermGen       total 21504K, used 8159K [0x000000077a400000, 0x000000077b900000, 0x0000000784a00000)
  object space 21504K, 37% used [0x000000077a400000,0x000000077abf7f30,0x000000077b900000)
}
Event: 1.198 GC heap before
{Heap before GC invocations=2 (full 0):
 PSYoungGen      total 37376K, used 36756K [0x00000007d6e00000, 0x00000007d9780000, 0x0000000800000000)
  eden space 32256K, 100% used [0x00000007d6e00000,0x00000007d8d80000,0x00000007d8d80000)
  from space 5120K, 87% used [0x00000007d8d80000,0x00000007d91e5170,0x00000007d9280000)
  to   space 5120K, 0% used [0x00000007d9280000,0x00000007d9280000,0x00000007d9780000)
 ParOldGen       total 83968K, used 8K [0x0000000784a00000, 0x0000000789c00000, 0x00000007d6e00000)
  object space 83968K, 0% used [0x0000000784a00000,0x0000000784a02000,0x0000000789c00000)
 PSPermGen       total 21504K, used 11437K [0x000000077a400000, 0x000000077b900000, 0x0000000784a00000)
  object space 21504K, 53% used [0x000000077a400000,0x000000077af2b610,0x000000077b900000)
Event: 1.205 GC heap after
Heap after GC invocations=2 (full 0):
 PSYoungGen      total 37376K, used 4900K [0x00000007d6e00000, 0x00000007db700000, 0x0000000800000000)
  eden space 32256K, 0% used [0x00000007d6e00000,0x00000007d6e00000,0x00000007d8d80000)
  from space 5120K, 95% used [0x00000007d9280000,0x00000007d9749098,0x00000007d9780000)
  to   space 5120K, 0% used [0x00000007d8d80000,0x00000007d8d80000,0x00000007d9280000)
 ParOldGen       total 83968K, used 16K [0x0000000784a00000, 0x0000000789c00000, 0x00000007d6e00000)
  object space 83968K, 0% used [0x0000000784a00000,0x0000000784a04000,0x0000000789c00000)
 PSPermGen       total 21504K, used 11437K [0x000000077a400000, 0x000000077b900000, 0x0000000784a00000)
  object space 21504K, 53% used [0x000000077a400000,0x000000077af2b610,0x000000077b900000)
}

