# JRE version: OpenJDK Runtime Environment (7.0_79-b14) (build 1.7.0_79-b14)
# Java VM: OpenJDK 64-Bit Server VM (24.79-b02 mixed mode linux-amd64 compressed oops)
Heap
 PSYoungGen      total 69632K, used 47687K [0x00000007d6e00000, 0x00000007db700000, 0x0000000800000000)
  eden space 64512K, 65% used [0x00000007d6e00000,0x00000007d9791da0,0x00000007dad00000)
  from space 5120K, 100% used [0x00000007db200000,0x00000007db700000,0x00000007db700000)
  to   space 5120K, 0% used [0x00000007dad00000,0x00000007dad00000,0x00000007db200000)
 ParOldGen       total 83968K, used 2025K [0x0000000784a00000, 0x0000000789c00000, 0x00000007d6e00000)
  object space 83968K, 2% used [0x0000000784a00000,0x0000000784bfa508,0x0000000789c00000)
 PSPermGen       total 21504K, used 15211K [0x000000077a400000, 0x000000077b900000, 0x0000000784a00000)
  object space 21504K, 70% used [0x000000077a400000,0x000000077b2dace0,0x000000077b900000)
GC Heap History (8 events):
Event: 0.667 GC heap before
{Heap before GC invocations=1 (full 0):
 PSYoungGen      total 37376K, used 32256K [0x00000007d6e00000, 0x00000007d9780000, 0x0000000800000000)
  eden space 32256K, 100% used [0x00000007d6e00000,0x00000007d8d80000,0x00000007d8d80000)
  from space 5120K, 0% used [0x00000007d9280000,0x00000007d9280000,0x00000007d9780000)
  to   space 5120K, 0% used [0x00000007d8d80000,0x00000007d8d80000,0x00000007d9280000)
 ParOldGen       total 83968K, used 0K [0x0000000784a00000, 0x0000000789c00000, 0x00000007d6e00000)
  object space 83968K, 0% used [0x0000000784a00000,0x0000000784a00000,0x0000000789c00000)
 PSPermGen       total 21504K, used 8159K [0x000000077a400000, 0x000000077b900000, 0x0000000784a00000)
  object space 21504K, 37% used [0x000000077a400000,0x000000077abf7f30,0x000000077b900000)
Event: 0.673 GC heap after
Heap after GC invocations=1 (full 0):
 PSYoungGen      total 37376K, used 4408K [0x00000007d6e00000, 0x00000007d9780000, 0x0000000800000000)
  eden space 32256K, 0% used [0x00000007d6e00000,0x00000007d6e00000,0x00000007d8d80000)
  from space 5120K, 86% used [0x00000007d8d80000,0x00000007d91ce238,0x00000007d9280000)
  to   space 5120K, 0% used [0x00000007d9280000,0x00000007d9280000,0x00000007d9780000)
 ParOldGen       total 83968K, used 8K [0x0000000784a00000, 0x0000000789c00000, 0x00000007d6e00000)
  object space 83968K, 0% used [0x0000000784a00000,0x0000000784a02000,0x0000000789c00000)
 PSPermGen       total 21504K, used 8159K [0x000000077a400000, 0x000000077b900000, 0x0000000784a00000)
  object space 21504K, 37% used [0x000000077a400000,0x000000077abf7f30,0x000000077b900000)
}
Event: 1.251 GC heap before
{Heap before GC invocations=2 (full 0):
 PSYoungGen      total 37376K, used 36664K [0x00000007d6e00000, 0x00000007d9780000, 0x0000000800000000)
  eden space 32256K, 100% used [0x00000007d6e00000,0x00000007d8d80000,0x00000007d8d80000)
  from space 5120K, 86% used [0x00000007d8d80000,0x00000007d91ce238,0x00000007d9280000)
  to   space 5120K, 0% used [0x00000007d9280000,0x00000007d9280000,0x00000007d9780000)
 ParOldGen       total 83968K, used 8K [0x0000000784a00000, 0x0000000789c00000, 0x00000007d6e00000)
  object space 83968K, 0% used [0x0000000784a00000,0x0000000784a02000,0x0000000789c00000)
 PSPermGen       total 21504K, used 11438K [0x000000077a400000, 0x000000077b900000, 0x0000000784a00000)
  object space 21504K, 53% used [0x000000077a400000,0x000000077af2b928,0x000000077b900000)
Event: 1.259 GC heap after
Heap after GC invocations=2 (full 0):
 PSYoungGen      total 37376K, used 4896K [0x00000007d6e00000, 0x00000007db700000, 0x0000000800000000)
  eden space 32256K, 0% used [0x00000007d6e00000,0x00000007d6e00000,0x00000007d8d80000)
  from space 5120K, 95% used [0x00000007d9280000,0x00000007d97480c8,0x00000007d9780000)
  to   space 5120K, 0% used [0x00000007d8d80000,0x00000007d8d80000,0x00000007d9280000)
 ParOldGen       total 83968K, used 16K [0x0000000784a00000, 0x0000000789c00000, 0x00000007d6e00000)
  object space 83968K, 0% used [0x0000000784a00000,0x0000000784a04000,0x0000000789c00000)
 PSPermGen       total 21504K, used 11438K [0x000000077a400000, 0x000000077b900000, 0x0000000784a00000)
  object space 21504K, 53% used [0x000000077a400000,0x000000077af2b928,0x000000077b900000)
}
Event: 1.983 GC heap before
{Heap before GC invocations=3 (full 0):
 PSYoungGen      total 37376K, used 37152K [0x00000007d6e00000, 0x00000007db700000, 0x0000000800000000)
  eden space 32256K, 100% used [0x00000007d6e00000,0x00000007d8d80000,0x00000007d8d80000)
  from space 5120K, 95% used [0x00000007d9280000,0x00000007d97480c8,0x00000007d9780000)
  to   space 5120K, 0% used [0x00000007d8d80000,0x00000007d8d80000,0x00000007d9280000)
 ParOldGen       total 83968K, used 16K [0x0000000784a00000, 0x0000000789c00000, 0x00000007d6e00000)
  object space 83968K, 0% used [0x0000000784a00000,0x0000000784a04000,0x0000000789c00000)
 PSPermGen       total 21504K, used 14244K [0x000000077a400000, 0x000000077b900000, 0x0000000784a00000)
  object space 21504K, 66% used [0x000000077a400000,0x000000077b1e9098,0x000000077b900000)
Event: 1.994 GC heap after
Heap after GC invocations=3 (full 0):
 PSYoungGen      total 37376K, used 5107K [0x00000007d6e00000, 0x00000007db700000, 0x0000000800000000)
  eden space 32256K, 0% used [0x00000007d6e00000,0x00000007d6e00000,0x00000007d8d80000)
  from space 5120K, 99% used [0x00000007d8d80000,0x00000007d927cc28,0x00000007d9280000)
  to   space 5120K, 0% used [0x00000007db200000,0x00000007db200000,0x00000007db700000)
 ParOldGen       total 83968K, used 1086K [0x0000000784a00000, 0x0000000789c00000, 0x00000007d6e00000)
  object space 83968K, 1% used [0x0000000784a00000,0x0000000784b0fae0,0x0000000789c00000)
 PSPermGen       total 21504K, used 14244K [0x000000077a400000, 0x000000077b900000, 0x0000000784a00000)
  object space 21504K, 66% used [0x000000077a400000,0x000000077b1e9098,0x000000077b900000)
}
Event: 2.584 GC heap before
{Heap before GC invocations=4 (full 0):
 PSYoungGen      total 37376K, used 37363K [0x00000007d6e00000, 0x00000007db700000, 0x0000000800000000)
  eden space 32256K, 100% used [0x00000007d6e00000,0x00000007d8d80000,0x00000007d8d80000)
  from space 5120K, 99% used [0x00000007d8d80000,0x00000007d927cc28,0x00000007d9280000)
  to   space 5120K, 0% used [0x00000007db200000,0x00000007db200000,0x00000007db700000)
 ParOldGen       total 83968K, used 1086K [0x0000000784a00000, 0x0000000789c00000, 0x00000007d6e00000)
  object space 83968K, 1% used [0x0000000784a00000,0x0000000784b0fae0,0x0000000789c00000)
 PSPermGen       total 21504K, used 14724K [0x000000077a400000, 0x000000077b900000, 0x0000000784a00000)
  object space 21504K, 68% used [0x000000077a400000,0x000000077b261208,0x000000077b900000)
Event: 2.593 GC heap after
Heap after GC invocations=4 (full 0):
 PSYoungGen      total 69632K, used 5120K [0x00000007d6e00000, 0x00000007db700000, 0x0000000800000000)
  eden space 64512K, 0% used [0x00000007d6e00000,0x00000007d6e00000,0x00000007dad00000)
  from space 5120K, 100% used [0x00000007db200000,0x00000007db700000,0x00000007db700000)
  to   space 5120K, 0% used [0x00000007dad00000,0x00000007dad00000,0x00000007db200000)
 ParOldGen       total 83968K, used 2025K [0x0000000784a00000, 0x0000000789c00000, 0x00000007d6e00000)
  object space 83968K, 2% used [0x0000000784a00000,0x0000000784bfa508,0x0000000789c00000)
 PSPermGen       total 21504K, used 14724K [0x000000077a400000, 0x000000077b900000, 0x0000000784a00000)
  object space 21504K, 68% used [0x000000077a400000,0x000000077b261208,0x000000077b900000)
}

